<?xml version="1.0" encoding="UTF-8"?>
<testsuite xmlns:xsi="http://www.w3.org/2001/XMLSchema-instance" xsi:noNamespaceSchemaLocation="https://maven.apache.org/surefire/maven-surefire-plugin/xsd/surefire-test-report-3.0.xsd" version="3.0" name="testrunner.Testrun" time="31.477" tests="2" errors="0" skipped="0" failures="0">
  <properties>
[...]
</properties>
  <testcase name="Data Driven" classname="LOGIN #2" time="11.18">
    <system-out><![CDATA[[DEBUG] Using WebDriverManager 5.7.0
[DEBUG] Resolution chrome=122 in cache (valid until 23:07:41 20/03/2024 IST)
[DEBUG] Resolution chrome122=122.0.6261.128 in cache (valid until 12:09:22 21/03/2024 IST)
[INFO] Using chromedriver 122.0.6261.128 (resolved driver for Chrome 122)
[DEBUG] Driver chromedriver 122.0.6261.128 found in cache
[INFO] Exporting webdriver.chrome.driver as C:\Users\shiva\.cache\selenium\chromedriver\win64\122.0.6261.128\chromedriver.exe
[DEBUG] Using SLF4J as the default logging framework
[DEBUG] -Dio.netty.leakDetection.level: simple
[DEBUG] -Dio.netty.leakDetection.targetRecords: 4
[DEBUG] Loaded default ResourceLeakDetector: io.netty.util.ResourceLeakDetector@7aa9e414
[DEBUG] -Dio.netty.noUnsafe: false
[DEBUG] Java version: 11
[DEBUG] sun.misc.Unsafe.theUnsafe: available
[DEBUG] sun.misc.Unsafe.copyMemory: available
[DEBUG] sun.misc.Unsafe.storeFence: available
[DEBUG] java.nio.Buffer.address: available
[DEBUG] direct buffer constructor: unavailable: Reflective setAccessible(true) disabled
[DEBUG] java.nio.Bits.unaligned: available, true
[DEBUG] jdk.internal.misc.Unsafe.allocateUninitializedArray(int): unavailable: class io.netty.util.internal.PlatformDependent0$7 cannot access class jdk.internal.misc.Unsafe (in module java.base) because module java.base does not export jdk.internal.misc to unnamed module @20c0a64d
[DEBUG] java.nio.DirectByteBuffer.<init>(long, int): unavailable
[DEBUG] sun.misc.Unsafe: available
[DEBUG] maxDirectMemory: 4208984064 bytes (maybe)
[DEBUG] -Dio.netty.tmpdir: C:\Users\shiva\AppData\Local\Temp (java.io.tmpdir)
[DEBUG] -Dio.netty.bitMode: 64 (sun.arch.data.model)
[DEBUG] Platform: Windows
[DEBUG] -Dio.netty.maxDirectMemory: -1 bytes
[DEBUG] -Dio.netty.uninitializedArrayAllocationThreshold: -1
[DEBUG] java.nio.ByteBuffer.cleaner(): available
[DEBUG] -Dio.netty.noPreferDirect: false
[DEBUG] org.jctools-core.MpscChunkedArrayQueue: available
[DEBUG] -Dio.netty.threadLocalMap.stringBuilder.initialSize: 1024
[DEBUG] -Dio.netty.threadLocalMap.stringBuilder.maxSize: 4096
[DEBUG] Default protocols (JDK): [TLSv1.3, TLSv1.2, TLSv1.1, TLSv1] 
[DEBUG] Default cipher suites (JDK): [TLS_ECDHE_ECDSA_WITH_AES_256_GCM_SHA384, TLS_ECDHE_ECDSA_WITH_AES_128_GCM_SHA256, TLS_ECDHE_RSA_WITH_AES_128_GCM_SHA256, TLS_ECDHE_RSA_WITH_AES_256_GCM_SHA384, TLS_ECDHE_RSA_WITH_AES_128_CBC_SHA, TLS_ECDHE_RSA_WITH_AES_256_CBC_SHA, TLS_RSA_WITH_AES_128_GCM_SHA256, TLS_RSA_WITH_AES_128_CBC_SHA, TLS_RSA_WITH_AES_256_CBC_SHA, TLS_AES_128_GCM_SHA256, TLS_AES_256_GCM_SHA384]
[DEBUG] -Dio.netty.globalEventExecutor.quietPeriodSeconds: 1
[DEBUG] -Dio.netty.eventLoopThreads: 24
[DEBUG] -Dio.netty.noKeySetOptimization: false
[DEBUG] -Dio.netty.selectorAutoRebuildThreshold: 512
[DEBUG] -Dio.netty.allocator.numHeapArenas: 24
[DEBUG] -Dio.netty.allocator.numDirectArenas: 24
[DEBUG] -Dio.netty.allocator.pageSize: 8192
[DEBUG] -Dio.netty.allocator.maxOrder: 9
[DEBUG] -Dio.netty.allocator.chunkSize: 4194304
[DEBUG] -Dio.netty.allocator.smallCacheSize: 256
[DEBUG] -Dio.netty.allocator.normalCacheSize: 64
[DEBUG] -Dio.netty.allocator.maxCachedBufferCapacity: 32768
[DEBUG] -Dio.netty.allocator.cacheTrimInterval: 8192
[DEBUG] -Dio.netty.allocator.cacheTrimIntervalMillis: 0
[DEBUG] -Dio.netty.allocator.useCacheForAllThreads: false
[DEBUG] -Dio.netty.allocator.maxCachedByteBuffersPerChunk: 1023
[DEBUG] -Dio.netty.allocator.type: pooled
[DEBUG] -Dio.netty.threadLocalDirectBufferSize: 0
[DEBUG] -Dio.netty.maxThreadLocalCharBufferSize: 16384
[DEBUG] -Dio.netty.processId: 30516 (auto-detected)
[DEBUG] -Djava.net.preferIPv4Stack: false
[DEBUG] -Djava.net.preferIPv6Addresses: false
[DEBUG] Loopback interface: lo (Software Loopback Interface 1, 127.0.0.1)
[DEBUG] Failed to get SOMAXCONN from sysctl and file \proc\sys\net\core\somaxconn. Default: 200
[DEBUG] -Dio.netty.machineId: b4:8c:9d:ff:fe:17:4f:73 (auto-detected)
[DEBUG] -Dio.netty.buffer.checkAccessible: true
[DEBUG] -Dio.netty.buffer.checkBounds: true
[DEBUG] Loaded default ResourceLeakDetector: io.netty.util.ResourceLeakDetector@574a6eba
[DEBUG] Using new Channel '[id: 0x6e6ef64d, L:/127.0.0.1:58147 - R:localhost/127.0.0.1:41638]' for 'POST' to '/session'
[DEBUG] -Dio.netty.recycler.maxCapacityPerThread: 4096
[DEBUG] -Dio.netty.recycler.ratio: 8
[DEBUG] -Dio.netty.recycler.chunkSize: 32
[DEBUG] -Dio.netty.recycler.blocking: false
[DEBUG] -Dio.netty.recycler.batchFastThreadLocalOnly: true
[DEBUG] brotli4j not in the classpath; Brotli support will be unavailable.
[DEBUG] 

Request DefaultHttpRequest(decodeResult: success, version: HTTP/1.1)
POST /session HTTP/1.1
User-Agent: selenium/4.11.0 (java windows)
Content-Length: 254
Content-Type: application/json; charset=utf-8
host: localhost:41638
accept: */*

Response DefaultHttpResponse(decodeResult: success, version: HTTP/1.1)
HTTP/1.1 200 OK
Content-Length: 884
Content-Type: application/json; charset=utf-8
cache-control: no-cache

[DEBUG] Adding key: http://localhost:41638 for channel [id: 0x6e6ef64d, L:/127.0.0.1:58147 - R:localhost/127.0.0.1:41638]
[DEBUG] Using new Channel '[id: 0x796c59ef, L:/127.0.0.1:58156 - R:localhost/127.0.0.1:58148]' for 'GET' to '/json/version'
[DEBUG] 

Request DefaultFullHttpRequest(decodeResult: success, version: HTTP/1.1, content: EmptyByteBufBE)
GET /json/version HTTP/1.1
User-Agent: selenium/4.11.0 (java windows)
host: localhost:58148
accept: */*

Response DefaultHttpResponse(decodeResult: success, version: HTTP/1.1)
HTTP/1.1 200 OK
Content-Security-Policy: frame-ancestors 'none'
Content-Length: 424
Content-Type: application/json; charset=UTF-8

[DEBUG] Adding key: http://localhost:58148 for channel [id: 0x796c59ef, L:/127.0.0.1:58156 - R:localhost/127.0.0.1:58148]
[DEBUG] -Dio.netty.initialSeedUniquifier: 0x4e3b270924380c30
[DEBUG] Using new Channel '[id: 0x31323270, L:/127.0.0.1:58157 - R:localhost/127.0.0.1:58148]' for 'GET' to '/devtools/browser/fe4f7cb6-d289-4a62-820c-825975b79d78'
[DEBUG] 

Request DefaultFullHttpRequest(decodeResult: success, version: HTTP/1.1, content: EmptyByteBufBE)
GET /devtools/browser/fe4f7cb6-d289-4a62-820c-825975b79d78 HTTP/1.1
upgrade: websocket
connection: upgrade
sec-websocket-key: GBmd9ZMorSQkwcnweMiq0w==
sec-websocket-version: 13
origin: http://localhost:58148
host: localhost:58148
accept: */*
user-agent: AHC/2.1

Response DefaultHttpResponse(decodeResult: success, version: HTTP/1.1)
HTTP/1.1 101 WebSocket Protocol Handshake
Upgrade: WebSocket
Connection: Upgrade
Sec-WebSocket-Accept: /qOGKBHdHSHF/XLmabBEdx8NDvM=

[DEBUG] Using pooled Channel '[id: 0x6e6ef64d, L:/127.0.0.1:58147 - R:localhost/127.0.0.1:41638]' for 'POST' to 'http://localhost:41638/session/1e4f31418e146146122b0792d51ec029/url'
[DEBUG] Using open Channel [id: 0x6e6ef64d, L:/127.0.0.1:58147 - R:localhost/127.0.0.1:41638] for POST '/session/1e4f31418e146146122b0792d51ec029/url'
[DEBUG] Entry count for : http://localhost:58148 : 1
[DEBUG] 

Request DefaultHttpRequest(decodeResult: success, version: HTTP/1.1)
POST /session/1e4f31418e146146122b0792d51ec029/url HTTP/1.1
User-Agent: selenium/4.11.0 (java windows)
Content-Length: 70
Content-Type: application/json; charset=utf-8
host: localhost:41638
accept: */*

Response DefaultHttpResponse(decodeResult: success, version: HTTP/1.1)
HTTP/1.1 200 OK
Content-Length: 14
Content-Type: application/json; charset=utf-8
cache-control: no-cache

[DEBUG] Adding key: http://localhost:41638 for channel [id: 0x6e6ef64d, L:/127.0.0.1:58147 - R:localhost/127.0.0.1:41638]
[DEBUG] Using pooled Channel '[id: 0x6e6ef64d, L:/127.0.0.1:58147 - R:localhost/127.0.0.1:41638]' for 'POST' to 'http://localhost:41638/session/1e4f31418e146146122b0792d51ec029/window/maximize'
[DEBUG] Using open Channel [id: 0x6e6ef64d, L:/127.0.0.1:58147 - R:localhost/127.0.0.1:41638] for POST '/session/1e4f31418e146146122b0792d51ec029/window/maximize'
[DEBUG] 

Request DefaultHttpRequest(decodeResult: success, version: HTTP/1.1)
POST /session/1e4f31418e146146122b0792d51ec029/window/maximize HTTP/1.1
User-Agent: selenium/4.11.0 (java windows)
Content-Length: 3
Content-Type: application/json; charset=utf-8
host: localhost:41638
accept: */*

Response DefaultHttpResponse(decodeResult: success, version: HTTP/1.1)
HTTP/1.1 200 OK
Content-Length: 51
Content-Type: application/json; charset=utf-8
cache-control: no-cache

[DEBUG] Adding key: http://localhost:41638 for channel [id: 0x6e6ef64d, L:/127.0.0.1:58147 - R:localhost/127.0.0.1:41638]
[DEBUG] Entry count for : http://localhost:41638 : 1
[DEBUG] Entry count for : http://localhost:58148 : 1
[DEBUG] Entry count for : http://localhost:41638 : 1
[DEBUG] Entry count for : http://localhost:58148 : 1
[DEBUG] Entry count for : http://localhost:41638 : 1
[DEBUG] Entry count for : http://localhost:58148 : 1
[DEBUG] Using pooled Channel '[id: 0x6e6ef64d, L:/127.0.0.1:58147 - R:localhost/127.0.0.1:41638]' for 'POST' to 'http://localhost:41638/session/1e4f31418e146146122b0792d51ec029/element'
[DEBUG] Using open Channel [id: 0x6e6ef64d, L:/127.0.0.1:58147 - R:localhost/127.0.0.1:41638] for POST '/session/1e4f31418e146146122b0792d51ec029/element'
[DEBUG] 

Request DefaultHttpRequest(decodeResult: success, version: HTTP/1.1)
POST /session/1e4f31418e146146122b0792d51ec029/element HTTP/1.1
User-Agent: selenium/4.11.0 (java windows)
Content-Length: 50
Content-Type: application/json; charset=utf-8
host: localhost:41638
accept: */*

Response DefaultHttpResponse(decodeResult: success, version: HTTP/1.1)
HTTP/1.1 200 OK
Content-Length: 125
Content-Type: application/json; charset=utf-8
cache-control: no-cache

[DEBUG] Adding key: http://localhost:41638 for channel [id: 0x6e6ef64d, L:/127.0.0.1:58147 - R:localhost/127.0.0.1:41638]
[DEBUG] Using pooled Channel '[id: 0x6e6ef64d, L:/127.0.0.1:58147 - R:localhost/127.0.0.1:41638]' for 'POST' to 'http://localhost:41638/session/1e4f31418e146146122b0792d51ec029/element/f.EDE6D49231C2E279F8EE8A6FD1BE8121.d.B7DE5A16C77FE4799722C19642591AD2.e.2/clear'
[DEBUG] Using open Channel [id: 0x6e6ef64d, L:/127.0.0.1:58147 - R:localhost/127.0.0.1:41638] for POST '/session/1e4f31418e146146122b0792d51ec029/element/f.EDE6D49231C2E279F8EE8A6FD1BE8121.d.B7DE5A16C77FE4799722C19642591AD2.e.2/clear'
[DEBUG] 

Request DefaultHttpRequest(decodeResult: success, version: HTTP/1.1)
POST /session/1e4f31418e146146122b0792d51ec029/element/f.EDE6D49231C2E279F8EE8A6FD1BE8121.d.B7DE5A16C77FE4799722C19642591AD2.e.2/clear HTTP/1.1
User-Agent: selenium/4.11.0 (java windows)
Content-Length: 87
Content-Type: application/json; charset=utf-8
host: localhost:41638
accept: */*

Response DefaultHttpResponse(decodeResult: success, version: HTTP/1.1)
HTTP/1.1 200 OK
Content-Length: 14
Content-Type: application/json; charset=utf-8
cache-control: no-cache

[DEBUG] Adding key: http://localhost:41638 for channel [id: 0x6e6ef64d, L:/127.0.0.1:58147 - R:localhost/127.0.0.1:41638]
[DEBUG] Using pooled Channel '[id: 0x6e6ef64d, L:/127.0.0.1:58147 - R:localhost/127.0.0.1:41638]' for 'POST' to 'http://localhost:41638/session/1e4f31418e146146122b0792d51ec029/element/f.EDE6D49231C2E279F8EE8A6FD1BE8121.d.B7DE5A16C77FE4799722C19642591AD2.e.2/value'
[DEBUG] Using open Channel [id: 0x6e6ef64d, L:/127.0.0.1:58147 - R:localhost/127.0.0.1:41638] for POST '/session/1e4f31418e146146122b0792d51ec029/element/f.EDE6D49231C2E279F8EE8A6FD1BE8121.d.B7DE5A16C77FE4799722C19642591AD2.e.2/value'
[DEBUG] 

Request DefaultHttpRequest(decodeResult: success, version: HTTP/1.1)
POST /session/1e4f31418e146146122b0792d51ec029/element/f.EDE6D49231C2E279F8EE8A6FD1BE8121.d.B7DE5A16C77FE4799722C19642591AD2.e.2/value HTTP/1.1
User-Agent: selenium/4.11.0 (java windows)
Content-Length: 308
Content-Type: application/json; charset=utf-8
host: localhost:41638
accept: */*

Response DefaultHttpResponse(decodeResult: success, version: HTTP/1.1)
HTTP/1.1 200 OK
Content-Length: 14
Content-Type: application/json; charset=utf-8
cache-control: no-cache

[DEBUG] Adding key: http://localhost:41638 for channel [id: 0x6e6ef64d, L:/127.0.0.1:58147 - R:localhost/127.0.0.1:41638]
[DEBUG] Using pooled Channel '[id: 0x6e6ef64d, L:/127.0.0.1:58147 - R:localhost/127.0.0.1:41638]' for 'POST' to 'http://localhost:41638/session/1e4f31418e146146122b0792d51ec029/element'
[DEBUG] Using open Channel [id: 0x6e6ef64d, L:/127.0.0.1:58147 - R:localhost/127.0.0.1:41638] for POST '/session/1e4f31418e146146122b0792d51ec029/element'
[DEBUG] 

Request DefaultHttpRequest(decodeResult: success, version: HTTP/1.1)
POST /session/1e4f31418e146146122b0792d51ec029/element HTTP/1.1
User-Agent: selenium/4.11.0 (java windows)
Content-Length: 53
Content-Type: application/json; charset=utf-8
host: localhost:41638
accept: */*

Response DefaultHttpResponse(decodeResult: success, version: HTTP/1.1)
HTTP/1.1 200 OK
Content-Length: 125
Content-Type: application/json; charset=utf-8
cache-control: no-cache

[DEBUG] Adding key: http://localhost:41638 for channel [id: 0x6e6ef64d, L:/127.0.0.1:58147 - R:localhost/127.0.0.1:41638]
[DEBUG] Using pooled Channel '[id: 0x6e6ef64d, L:/127.0.0.1:58147 - R:localhost/127.0.0.1:41638]' for 'POST' to 'http://localhost:41638/session/1e4f31418e146146122b0792d51ec029/element/f.EDE6D49231C2E279F8EE8A6FD1BE8121.d.B7DE5A16C77FE4799722C19642591AD2.e.4/clear'
[DEBUG] Using open Channel [id: 0x6e6ef64d, L:/127.0.0.1:58147 - R:localhost/127.0.0.1:41638] for POST '/session/1e4f31418e146146122b0792d51ec029/element/f.EDE6D49231C2E279F8EE8A6FD1BE8121.d.B7DE5A16C77FE4799722C19642591AD2.e.4/clear'
[DEBUG] 

Request DefaultHttpRequest(decodeResult: success, version: HTTP/1.1)
POST /session/1e4f31418e146146122b0792d51ec029/element/f.EDE6D49231C2E279F8EE8A6FD1BE8121.d.B7DE5A16C77FE4799722C19642591AD2.e.4/clear HTTP/1.1
User-Agent: selenium/4.11.0 (java windows)
Content-Length: 87
Content-Type: application/json; charset=utf-8
host: localhost:41638
accept: */*

Response DefaultHttpResponse(decodeResult: success, version: HTTP/1.1)
HTTP/1.1 200 OK
Content-Length: 14
Content-Type: application/json; charset=utf-8
cache-control: no-cache

[DEBUG] Adding key: http://localhost:41638 for channel [id: 0x6e6ef64d, L:/127.0.0.1:58147 - R:localhost/127.0.0.1:41638]
[DEBUG] Using pooled Channel '[id: 0x6e6ef64d, L:/127.0.0.1:58147 - R:localhost/127.0.0.1:41638]' for 'POST' to 'http://localhost:41638/session/1e4f31418e146146122b0792d51ec029/element/f.EDE6D49231C2E279F8EE8A6FD1BE8121.d.B7DE5A16C77FE4799722C19642591AD2.e.4/value'
[DEBUG] Using open Channel [id: 0x6e6ef64d, L:/127.0.0.1:58147 - R:localhost/127.0.0.1:41638] for POST '/session/1e4f31418e146146122b0792d51ec029/element/f.EDE6D49231C2E279F8EE8A6FD1BE8121.d.B7DE5A16C77FE4799722C19642591AD2.e.4/value'
[DEBUG] 

Request DefaultHttpRequest(decodeResult: success, version: HTTP/1.1)
POST /session/1e4f31418e146146122b0792d51ec029/element/f.EDE6D49231C2E279F8EE8A6FD1BE8121.d.B7DE5A16C77FE4799722C19642591AD2.e.4/value HTTP/1.1
User-Agent: selenium/4.11.0 (java windows)
Content-Length: 168
Content-Type: application/json; charset=utf-8
host: localhost:41638
accept: */*

Response DefaultHttpResponse(decodeResult: success, version: HTTP/1.1)
HTTP/1.1 200 OK
Content-Length: 14
Content-Type: application/json; charset=utf-8
cache-control: no-cache

[DEBUG] Adding key: http://localhost:41638 for channel [id: 0x6e6ef64d, L:/127.0.0.1:58147 - R:localhost/127.0.0.1:41638]
[DEBUG] Using pooled Channel '[id: 0x6e6ef64d, L:/127.0.0.1:58147 - R:localhost/127.0.0.1:41638]' for 'POST' to 'http://localhost:41638/session/1e4f31418e146146122b0792d51ec029/element'
[DEBUG] Using open Channel [id: 0x6e6ef64d, L:/127.0.0.1:58147 - R:localhost/127.0.0.1:41638] for POST '/session/1e4f31418e146146122b0792d51ec029/element'
[DEBUG] 

Request DefaultHttpRequest(decodeResult: success, version: HTTP/1.1)
POST /session/1e4f31418e146146122b0792d51ec029/element HTTP/1.1
User-Agent: selenium/4.11.0 (java windows)
Content-Length: 172
Content-Type: application/json; charset=utf-8
host: localhost:41638
accept: */*

Response DefaultHttpResponse(decodeResult: success, version: HTTP/1.1)
HTTP/1.1 200 OK
Content-Length: 125
Content-Type: application/json; charset=utf-8
cache-control: no-cache

[DEBUG] Adding key: http://localhost:41638 for channel [id: 0x6e6ef64d, L:/127.0.0.1:58147 - R:localhost/127.0.0.1:41638]
[DEBUG] Using pooled Channel '[id: 0x6e6ef64d, L:/127.0.0.1:58147 - R:localhost/127.0.0.1:41638]' for 'POST' to 'http://localhost:41638/session/1e4f31418e146146122b0792d51ec029/element/f.EDE6D49231C2E279F8EE8A6FD1BE8121.d.B7DE5A16C77FE4799722C19642591AD2.e.6/click'
[DEBUG] Using open Channel [id: 0x6e6ef64d, L:/127.0.0.1:58147 - R:localhost/127.0.0.1:41638] for POST '/session/1e4f31418e146146122b0792d51ec029/element/f.EDE6D49231C2E279F8EE8A6FD1BE8121.d.B7DE5A16C77FE4799722C19642591AD2.e.6/click'
[DEBUG] Entry count for : http://localhost:58148 : 1
[DEBUG] Entry count for : http://localhost:58148 : 1
[DEBUG] 

Request DefaultHttpRequest(decodeResult: success, version: HTTP/1.1)
POST /session/1e4f31418e146146122b0792d51ec029/element/f.EDE6D49231C2E279F8EE8A6FD1BE8121.d.B7DE5A16C77FE4799722C19642591AD2.e.6/click HTTP/1.1
User-Agent: selenium/4.11.0 (java windows)
Content-Length: 87
Content-Type: application/json; charset=utf-8
host: localhost:41638
accept: */*

Response DefaultHttpResponse(decodeResult: success, version: HTTP/1.1)
HTTP/1.1 200 OK
Content-Length: 14
Content-Type: application/json; charset=utf-8
cache-control: no-cache

[DEBUG] Adding key: http://localhost:41638 for channel [id: 0x6e6ef64d, L:/127.0.0.1:58147 - R:localhost/127.0.0.1:41638]
[DEBUG] Using pooled Channel '[id: 0x6e6ef64d, L:/127.0.0.1:58147 - R:localhost/127.0.0.1:41638]' for 'GET' to 'http://localhost:41638/session/1e4f31418e146146122b0792d51ec029/title'
[DEBUG] Using open Channel [id: 0x6e6ef64d, L:/127.0.0.1:58147 - R:localhost/127.0.0.1:41638] for GET '/session/1e4f31418e146146122b0792d51ec029/title'
[DEBUG] 

Request DefaultFullHttpRequest(decodeResult: success, version: HTTP/1.1, content: EmptyByteBufBE)
GET /session/1e4f31418e146146122b0792d51ec029/title HTTP/1.1
User-Agent: selenium/4.11.0 (java windows)
Cache-Control: no-cache
Content-Type: application/json; charset=utf-8
host: localhost:41638
accept: */*

Response DefaultHttpResponse(decodeResult: success, version: HTTP/1.1)
HTTP/1.1 200 OK
Content-Length: 50
Content-Type: application/json; charset=utf-8
cache-control: no-cache

[DEBUG] Adding key: http://localhost:41638 for channel [id: 0x6e6ef64d, L:/127.0.0.1:58147 - R:localhost/127.0.0.1:41638]
True
[DEBUG] Using pooled Channel '[id: 0x6e6ef64d, L:/127.0.0.1:58147 - R:localhost/127.0.0.1:41638]' for 'DELETE' to 'http://localhost:41638/session/1e4f31418e146146122b0792d51ec029/window'
[DEBUG] Using open Channel [id: 0x6e6ef64d, L:/127.0.0.1:58147 - R:localhost/127.0.0.1:41638] for DELETE '/session/1e4f31418e146146122b0792d51ec029/window'
[DEBUG] Entry count for : http://localhost:58148 : 1
[DEBUG] Channel Closed: [id: 0x796c59ef, L:/127.0.0.1:58156 ! R:localhost/127.0.0.1:58148] with attribute DISCARD
[DEBUG] Channel Closed: [id: 0x31323270, L:/127.0.0.1:58157 ! R:localhost/127.0.0.1:58148] with attribute NettyResponseFuture{currentRetry=0,
	isDone=1,
	isCancelled=0,
	asyncHandler=org.asynchttpclient.ws.WebSocketUpgradeHandler@6121b693,
	nettyRequest=org.asynchttpclient.netty.request.NettyRequest@2cfcf5d2,
	future=java.util.concurrent.CompletableFuture@1bf40e8b[Completed normally],
	uri=ws://localhost:58148/devtools/browser/fe4f7cb6-d289-4a62-820c-825975b79d78,
	keepAlive=true,
	redirectCount=0,
	timeoutsHolder=null,
	inAuth=0,
	touch=1710952953541}
[DEBUG] Closing Channel [id: 0x31323270, L:/127.0.0.1:58157 ! R:localhost/127.0.0.1:58148] 
[DEBUG] 

Request DefaultFullHttpRequest(decodeResult: success, version: HTTP/1.1, content: EmptyByteBufBE)
DELETE /session/1e4f31418e146146122b0792d51ec029/window HTTP/1.1
User-Agent: selenium/4.11.0 (java windows)
Content-Type: application/json; charset=utf-8
host: localhost:41638
accept: */*

Response DefaultHttpResponse(decodeResult: success, version: HTTP/1.1)
HTTP/1.1 200 OK
Content-Length: 12
Content-Type: application/json; charset=utf-8
cache-control: no-cache

[DEBUG] Adding key: http://localhost:41638 for channel [id: 0x6e6ef64d, L:/127.0.0.1:58147 - R:localhost/127.0.0.1:41638]
]]></system-out>
    <system-err><![CDATA[Mar 20, 2024 10:12:33 PM org.openqa.selenium.devtools.CdpVersionFinder findNearestMatch
WARNING: Unable to find CDP implementation matching 122
Mar 20, 2024 10:12:33 PM org.openqa.selenium.chromium.ChromiumDriver lambda$new$5
WARNING: Unable to find version of CDP to use for 122.0.6261.131. You may need to include a dependency on a specific version of the CDP using something similar to `org.seleniumhq.selenium:selenium-devtools-v86:4.11.0` where the version ("v86") matches the version of the chromium-based browser you're using and the version number of the artifact is the same as Selenium's.
]]></system-err>
  </testcase>
  <testcase name="Add new Customer" classname="Customer" time="19.268">
    <system-out><![CDATA[[DEBUG] Using WebDriverManager 5.7.0
[DEBUG] Resolution chrome=122 in cache (valid until 23:07:41 20/03/2024 IST)
[DEBUG] Resolution chrome122=122.0.6261.128 in cache (valid until 12:09:22 21/03/2024 IST)
[INFO] Using chromedriver 122.0.6261.128 (resolved driver for Chrome 122)
[DEBUG] Driver chromedriver 122.0.6261.128 found in cache
[INFO] Exporting webdriver.chrome.driver as C:\Users\shiva\.cache\selenium\chromedriver\win64\122.0.6261.128\chromedriver.exe
[DEBUG] Using new Channel '[id: 0x13e74948, L:/127.0.0.1:58186 - R:localhost/127.0.0.1:13313]' for 'POST' to '/session'
[DEBUG] Entry count for : http://localhost:41638 : 1
[DEBUG] Entry count for : http://localhost:58148 : 1
[DEBUG] Adding Candidate expired Channel [id: 0x796c59ef, L:/127.0.0.1:58156 ! R:localhost/127.0.0.1:58148] isIdleTimeoutExpired=false isRemotelyClosed=true isTtlExpired=false
[DEBUG] Closing Idle Channel [id: 0x796c59ef, L:/127.0.0.1:58156 ! R:localhost/127.0.0.1:58148]
[DEBUG] Closed 1 connections out of 2 in 2 ms
[DEBUG] 

Request DefaultHttpRequest(decodeResult: success, version: HTTP/1.1)
POST /session HTTP/1.1
User-Agent: selenium/4.11.0 (java windows)
Content-Length: 254
Content-Type: application/json; charset=utf-8
host: localhost:13313
accept: */*

Response DefaultHttpResponse(decodeResult: success, version: HTTP/1.1)
HTTP/1.1 200 OK
Content-Length: 884
Content-Type: application/json; charset=utf-8
cache-control: no-cache

[DEBUG] Adding key: http://localhost:13313 for channel [id: 0x13e74948, L:/127.0.0.1:58186 - R:localhost/127.0.0.1:13313]
[DEBUG] Using new Channel '[id: 0x01c5b261, L:/127.0.0.1:58194 - R:localhost/127.0.0.1:58187]' for 'GET' to '/json/version'
[DEBUG] 

Request DefaultFullHttpRequest(decodeResult: success, version: HTTP/1.1, content: EmptyByteBufBE)
GET /json/version HTTP/1.1
User-Agent: selenium/4.11.0 (java windows)
host: localhost:58187
accept: */*

Response DefaultHttpResponse(decodeResult: success, version: HTTP/1.1)
HTTP/1.1 200 OK
Content-Security-Policy: frame-ancestors 'none'
Content-Length: 424
Content-Type: application/json; charset=UTF-8

[DEBUG] Adding key: http://localhost:58187 for channel [id: 0x01c5b261, L:/127.0.0.1:58194 - R:localhost/127.0.0.1:58187]
[DEBUG] Using new Channel '[id: 0xefcb4d7c, L:/127.0.0.1:58195 - R:localhost/127.0.0.1:58187]' for 'GET' to '/devtools/browser/741a6054-9af7-4f43-98ca-9b115dc34ed6'
[DEBUG] 

Request DefaultFullHttpRequest(decodeResult: success, version: HTTP/1.1, content: EmptyByteBufBE)
GET /devtools/browser/741a6054-9af7-4f43-98ca-9b115dc34ed6 HTTP/1.1
upgrade: websocket
connection: upgrade
sec-websocket-key: D35H/vPH/tr0eCVmN2Qf3Q==
sec-websocket-version: 13
origin: http://localhost:58187
host: localhost:58187
accept: */*
user-agent: AHC/2.1

Response DefaultHttpResponse(decodeResult: success, version: HTTP/1.1)
HTTP/1.1 101 WebSocket Protocol Handshake
Upgrade: WebSocket
Connection: Upgrade
Sec-WebSocket-Accept: /0sfdw5Pc4ciZMTERiWmkYj8A5E=

[DEBUG] Using pooled Channel '[id: 0x13e74948, L:/127.0.0.1:58186 - R:localhost/127.0.0.1:13313]' for 'POST' to 'http://localhost:13313/session/688b3cbb39740f8848b7cf8ba34bdfb0/url'
[DEBUG] Using open Channel [id: 0x13e74948, L:/127.0.0.1:58186 - R:localhost/127.0.0.1:13313] for POST '/session/688b3cbb39740f8848b7cf8ba34bdfb0/url'
[DEBUG] Entry count for : http://localhost:41638 : 1
[DEBUG] Entry count for : http://localhost:58187 : 1
[DEBUG] 

Request DefaultHttpRequest(decodeResult: success, version: HTTP/1.1)
POST /session/688b3cbb39740f8848b7cf8ba34bdfb0/url HTTP/1.1
User-Agent: selenium/4.11.0 (java windows)
Content-Length: 70
Content-Type: application/json; charset=utf-8
host: localhost:13313
accept: */*

Response DefaultHttpResponse(decodeResult: success, version: HTTP/1.1)
HTTP/1.1 200 OK
Content-Length: 14
Content-Type: application/json; charset=utf-8
cache-control: no-cache

[DEBUG] Adding key: http://localhost:13313 for channel [id: 0x13e74948, L:/127.0.0.1:58186 - R:localhost/127.0.0.1:13313]
[DEBUG] Using pooled Channel '[id: 0x13e74948, L:/127.0.0.1:58186 - R:localhost/127.0.0.1:13313]' for 'POST' to 'http://localhost:13313/session/688b3cbb39740f8848b7cf8ba34bdfb0/window/maximize'
[DEBUG] Using open Channel [id: 0x13e74948, L:/127.0.0.1:58186 - R:localhost/127.0.0.1:13313] for POST '/session/688b3cbb39740f8848b7cf8ba34bdfb0/window/maximize'
[DEBUG] 

Request DefaultHttpRequest(decodeResult: success, version: HTTP/1.1)
POST /session/688b3cbb39740f8848b7cf8ba34bdfb0/window/maximize HTTP/1.1
User-Agent: selenium/4.11.0 (java windows)
Content-Length: 3
Content-Type: application/json; charset=utf-8
host: localhost:13313
accept: */*

Response DefaultHttpResponse(decodeResult: success, version: HTTP/1.1)
HTTP/1.1 200 OK
Content-Length: 51
Content-Type: application/json; charset=utf-8
cache-control: no-cache

[DEBUG] Adding key: http://localhost:13313 for channel [id: 0x13e74948, L:/127.0.0.1:58186 - R:localhost/127.0.0.1:13313]
[DEBUG] Entry count for : http://localhost:13313 : 1
[DEBUG] Entry count for : http://localhost:41638 : 1
[DEBUG] Entry count for : http://localhost:58187 : 1
[DEBUG] Entry count for : http://localhost:13313 : 1
[DEBUG] Entry count for : http://localhost:41638 : 1
[DEBUG] Entry count for : http://localhost:58187 : 1
[DEBUG] Entry count for : http://localhost:13313 : 1
[DEBUG] Entry count for : http://localhost:41638 : 1
[DEBUG] Entry count for : http://localhost:58187 : 1
[DEBUG] Using pooled Channel '[id: 0x13e74948, L:/127.0.0.1:58186 - R:localhost/127.0.0.1:13313]' for 'POST' to 'http://localhost:13313/session/688b3cbb39740f8848b7cf8ba34bdfb0/element'
[DEBUG] Using open Channel [id: 0x13e74948, L:/127.0.0.1:58186 - R:localhost/127.0.0.1:13313] for POST '/session/688b3cbb39740f8848b7cf8ba34bdfb0/element'
[DEBUG] Entry count for : http://localhost:41638 : 1
[DEBUG] Entry count for : http://localhost:58187 : 1
[DEBUG] 

Request DefaultHttpRequest(decodeResult: success, version: HTTP/1.1)
POST /session/688b3cbb39740f8848b7cf8ba34bdfb0/element HTTP/1.1
User-Agent: selenium/4.11.0 (java windows)
Content-Length: 50
Content-Type: application/json; charset=utf-8
host: localhost:13313
accept: */*

Response DefaultHttpResponse(decodeResult: success, version: HTTP/1.1)
HTTP/1.1 200 OK
Content-Length: 125
Content-Type: application/json; charset=utf-8
cache-control: no-cache

[DEBUG] Adding key: http://localhost:13313 for channel [id: 0x13e74948, L:/127.0.0.1:58186 - R:localhost/127.0.0.1:13313]
[DEBUG] Using pooled Channel '[id: 0x13e74948, L:/127.0.0.1:58186 - R:localhost/127.0.0.1:13313]' for 'POST' to 'http://localhost:13313/session/688b3cbb39740f8848b7cf8ba34bdfb0/element/f.C197E23CFD262BB27990E2ED785EE05D.d.BC01B8F19B4C54C978603D057F917B3A.e.1/clear'
[DEBUG] Using open Channel [id: 0x13e74948, L:/127.0.0.1:58186 - R:localhost/127.0.0.1:13313] for POST '/session/688b3cbb39740f8848b7cf8ba34bdfb0/element/f.C197E23CFD262BB27990E2ED785EE05D.d.BC01B8F19B4C54C978603D057F917B3A.e.1/clear'
[DEBUG] 

Request DefaultHttpRequest(decodeResult: success, version: HTTP/1.1)
POST /session/688b3cbb39740f8848b7cf8ba34bdfb0/element/f.C197E23CFD262BB27990E2ED785EE05D.d.BC01B8F19B4C54C978603D057F917B3A.e.1/clear HTTP/1.1
User-Agent: selenium/4.11.0 (java windows)
Content-Length: 87
Content-Type: application/json; charset=utf-8
host: localhost:13313
accept: */*

Response DefaultHttpResponse(decodeResult: success, version: HTTP/1.1)
HTTP/1.1 200 OK
Content-Length: 14
Content-Type: application/json; charset=utf-8
cache-control: no-cache

[DEBUG] Adding key: http://localhost:13313 for channel [id: 0x13e74948, L:/127.0.0.1:58186 - R:localhost/127.0.0.1:13313]
[DEBUG] Using pooled Channel '[id: 0x13e74948, L:/127.0.0.1:58186 - R:localhost/127.0.0.1:13313]' for 'POST' to 'http://localhost:13313/session/688b3cbb39740f8848b7cf8ba34bdfb0/element/f.C197E23CFD262BB27990E2ED785EE05D.d.BC01B8F19B4C54C978603D057F917B3A.e.1/value'
[DEBUG] Using open Channel [id: 0x13e74948, L:/127.0.0.1:58186 - R:localhost/127.0.0.1:13313] for POST '/session/688b3cbb39740f8848b7cf8ba34bdfb0/element/f.C197E23CFD262BB27990E2ED785EE05D.d.BC01B8F19B4C54C978603D057F917B3A.e.1/value'
[DEBUG] 

Request DefaultHttpRequest(decodeResult: success, version: HTTP/1.1)
POST /session/688b3cbb39740f8848b7cf8ba34bdfb0/element/f.C197E23CFD262BB27990E2ED785EE05D.d.BC01B8F19B4C54C978603D057F917B3A.e.1/value HTTP/1.1
User-Agent: selenium/4.11.0 (java windows)
Content-Length: 308
Content-Type: application/json; charset=utf-8
host: localhost:13313
accept: */*

Response DefaultHttpResponse(decodeResult: success, version: HTTP/1.1)
HTTP/1.1 200 OK
Content-Length: 14
Content-Type: application/json; charset=utf-8
cache-control: no-cache

[DEBUG] Adding key: http://localhost:13313 for channel [id: 0x13e74948, L:/127.0.0.1:58186 - R:localhost/127.0.0.1:13313]
[DEBUG] Using pooled Channel '[id: 0x13e74948, L:/127.0.0.1:58186 - R:localhost/127.0.0.1:13313]' for 'POST' to 'http://localhost:13313/session/688b3cbb39740f8848b7cf8ba34bdfb0/element'
[DEBUG] Using open Channel [id: 0x13e74948, L:/127.0.0.1:58186 - R:localhost/127.0.0.1:13313] for POST '/session/688b3cbb39740f8848b7cf8ba34bdfb0/element'
[DEBUG] 

Request DefaultHttpRequest(decodeResult: success, version: HTTP/1.1)
POST /session/688b3cbb39740f8848b7cf8ba34bdfb0/element HTTP/1.1
User-Agent: selenium/4.11.0 (java windows)
Content-Length: 53
Content-Type: application/json; charset=utf-8
host: localhost:13313
accept: */*

Response DefaultHttpResponse(decodeResult: success, version: HTTP/1.1)
HTTP/1.1 200 OK
Content-Length: 125
Content-Type: application/json; charset=utf-8
cache-control: no-cache

[DEBUG] Adding key: http://localhost:13313 for channel [id: 0x13e74948, L:/127.0.0.1:58186 - R:localhost/127.0.0.1:13313]
[DEBUG] Using pooled Channel '[id: 0x13e74948, L:/127.0.0.1:58186 - R:localhost/127.0.0.1:13313]' for 'POST' to 'http://localhost:13313/session/688b3cbb39740f8848b7cf8ba34bdfb0/element/f.C197E23CFD262BB27990E2ED785EE05D.d.BC01B8F19B4C54C978603D057F917B3A.e.3/clear'
[DEBUG] Using open Channel [id: 0x13e74948, L:/127.0.0.1:58186 - R:localhost/127.0.0.1:13313] for POST '/session/688b3cbb39740f8848b7cf8ba34bdfb0/element/f.C197E23CFD262BB27990E2ED785EE05D.d.BC01B8F19B4C54C978603D057F917B3A.e.3/clear'
[DEBUG] 

Request DefaultHttpRequest(decodeResult: success, version: HTTP/1.1)
POST /session/688b3cbb39740f8848b7cf8ba34bdfb0/element/f.C197E23CFD262BB27990E2ED785EE05D.d.BC01B8F19B4C54C978603D057F917B3A.e.3/clear HTTP/1.1
User-Agent: selenium/4.11.0 (java windows)
Content-Length: 87
Content-Type: application/json; charset=utf-8
host: localhost:13313
accept: */*

Response DefaultHttpResponse(decodeResult: success, version: HTTP/1.1)
HTTP/1.1 200 OK
Content-Length: 14
Content-Type: application/json; charset=utf-8
cache-control: no-cache

[DEBUG] Adding key: http://localhost:13313 for channel [id: 0x13e74948, L:/127.0.0.1:58186 - R:localhost/127.0.0.1:13313]
[DEBUG] Using pooled Channel '[id: 0x13e74948, L:/127.0.0.1:58186 - R:localhost/127.0.0.1:13313]' for 'POST' to 'http://localhost:13313/session/688b3cbb39740f8848b7cf8ba34bdfb0/element/f.C197E23CFD262BB27990E2ED785EE05D.d.BC01B8F19B4C54C978603D057F917B3A.e.3/value'
[DEBUG] Using open Channel [id: 0x13e74948, L:/127.0.0.1:58186 - R:localhost/127.0.0.1:13313] for POST '/session/688b3cbb39740f8848b7cf8ba34bdfb0/element/f.C197E23CFD262BB27990E2ED785EE05D.d.BC01B8F19B4C54C978603D057F917B3A.e.3/value'
[DEBUG] 

Request DefaultHttpRequest(decodeResult: success, version: HTTP/1.1)
POST /session/688b3cbb39740f8848b7cf8ba34bdfb0/element/f.C197E23CFD262BB27990E2ED785EE05D.d.BC01B8F19B4C54C978603D057F917B3A.e.3/value HTTP/1.1
User-Agent: selenium/4.11.0 (java windows)
Content-Length: 168
Content-Type: application/json; charset=utf-8
host: localhost:13313
accept: */*

Response DefaultHttpResponse(decodeResult: success, version: HTTP/1.1)
HTTP/1.1 200 OK
Content-Length: 14
Content-Type: application/json; charset=utf-8
cache-control: no-cache

[DEBUG] Adding key: http://localhost:13313 for channel [id: 0x13e74948, L:/127.0.0.1:58186 - R:localhost/127.0.0.1:13313]
[DEBUG] Using pooled Channel '[id: 0x13e74948, L:/127.0.0.1:58186 - R:localhost/127.0.0.1:13313]' for 'POST' to 'http://localhost:13313/session/688b3cbb39740f8848b7cf8ba34bdfb0/element'
[DEBUG] Using open Channel [id: 0x13e74948, L:/127.0.0.1:58186 - R:localhost/127.0.0.1:13313] for POST '/session/688b3cbb39740f8848b7cf8ba34bdfb0/element'
[DEBUG] 

Request DefaultHttpRequest(decodeResult: success, version: HTTP/1.1)
POST /session/688b3cbb39740f8848b7cf8ba34bdfb0/element HTTP/1.1
User-Agent: selenium/4.11.0 (java windows)
Content-Length: 172
Content-Type: application/json; charset=utf-8
host: localhost:13313
accept: */*

Response DefaultHttpResponse(decodeResult: success, version: HTTP/1.1)
HTTP/1.1 200 OK
Content-Length: 125
Content-Type: application/json; charset=utf-8
cache-control: no-cache

[DEBUG] Adding key: http://localhost:13313 for channel [id: 0x13e74948, L:/127.0.0.1:58186 - R:localhost/127.0.0.1:13313]
[DEBUG] Using pooled Channel '[id: 0x13e74948, L:/127.0.0.1:58186 - R:localhost/127.0.0.1:13313]' for 'POST' to 'http://localhost:13313/session/688b3cbb39740f8848b7cf8ba34bdfb0/element/f.C197E23CFD262BB27990E2ED785EE05D.d.BC01B8F19B4C54C978603D057F917B3A.e.6/click'
[DEBUG] Using open Channel [id: 0x13e74948, L:/127.0.0.1:58186 - R:localhost/127.0.0.1:13313] for POST '/session/688b3cbb39740f8848b7cf8ba34bdfb0/element/f.C197E23CFD262BB27990E2ED785EE05D.d.BC01B8F19B4C54C978603D057F917B3A.e.6/click'
[DEBUG] Entry count for : http://localhost:41638 : 1
[DEBUG] Entry count for : http://localhost:58187 : 1
[DEBUG] Entry count for : http://localhost:41638 : 1
[DEBUG] Entry count for : http://localhost:58187 : 1
[DEBUG] Entry count for : http://localhost:41638 : 1
[DEBUG] Entry count for : http://localhost:58187 : 1
[DEBUG] Entry count for : http://localhost:41638 : 1
[DEBUG] Entry count for : http://localhost:58187 : 1
[DEBUG] 

Request DefaultHttpRequest(decodeResult: success, version: HTTP/1.1)
POST /session/688b3cbb39740f8848b7cf8ba34bdfb0/element/f.C197E23CFD262BB27990E2ED785EE05D.d.BC01B8F19B4C54C978603D057F917B3A.e.6/click HTTP/1.1
User-Agent: selenium/4.11.0 (java windows)
Content-Length: 87
Content-Type: application/json; charset=utf-8
host: localhost:13313
accept: */*

Response DefaultHttpResponse(decodeResult: success, version: HTTP/1.1)
HTTP/1.1 200 OK
Content-Length: 14
Content-Type: application/json; charset=utf-8
cache-control: no-cache

[DEBUG] Adding key: http://localhost:13313 for channel [id: 0x13e74948, L:/127.0.0.1:58186 - R:localhost/127.0.0.1:13313]
[DEBUG] Using pooled Channel '[id: 0x13e74948, L:/127.0.0.1:58186 - R:localhost/127.0.0.1:13313]' for 'POST' to 'http://localhost:13313/session/688b3cbb39740f8848b7cf8ba34bdfb0/element'
[DEBUG] Using open Channel [id: 0x13e74948, L:/127.0.0.1:58186 - R:localhost/127.0.0.1:13313] for POST '/session/688b3cbb39740f8848b7cf8ba34bdfb0/element'
[DEBUG] Entry count for : http://localhost:41638 : 1
[DEBUG] Entry count for : http://localhost:58187 : 1
[DEBUG] Entry count for : http://localhost:41638 : 1
[DEBUG] Entry count for : http://localhost:58187 : 1
[DEBUG] 

Request DefaultHttpRequest(decodeResult: success, version: HTTP/1.1)
POST /session/688b3cbb39740f8848b7cf8ba34bdfb0/element HTTP/1.1
User-Agent: selenium/4.11.0 (java windows)
Content-Length: 104
Content-Type: application/json; charset=utf-8
host: localhost:13313
accept: */*

Response DefaultHttpResponse(decodeResult: success, version: HTTP/1.1)
HTTP/1.1 200 OK
Content-Length: 126
Content-Type: application/json; charset=utf-8
cache-control: no-cache

[DEBUG] Adding key: http://localhost:13313 for channel [id: 0x13e74948, L:/127.0.0.1:58186 - R:localhost/127.0.0.1:13313]
[DEBUG] Using pooled Channel '[id: 0x13e74948, L:/127.0.0.1:58186 - R:localhost/127.0.0.1:13313]' for 'POST' to 'http://localhost:13313/session/688b3cbb39740f8848b7cf8ba34bdfb0/element/f.C197E23CFD262BB27990E2ED785EE05D.d.46BA7E2A360F0806844D44A3E4F59930.e.42/click'
[DEBUG] Using open Channel [id: 0x13e74948, L:/127.0.0.1:58186 - R:localhost/127.0.0.1:13313] for POST '/session/688b3cbb39740f8848b7cf8ba34bdfb0/element/f.C197E23CFD262BB27990E2ED785EE05D.d.46BA7E2A360F0806844D44A3E4F59930.e.42/click'
[DEBUG] 

Request DefaultHttpRequest(decodeResult: success, version: HTTP/1.1)
POST /session/688b3cbb39740f8848b7cf8ba34bdfb0/element/f.C197E23CFD262BB27990E2ED785EE05D.d.46BA7E2A360F0806844D44A3E4F59930.e.42/click HTTP/1.1
User-Agent: selenium/4.11.0 (java windows)
Content-Length: 88
Content-Type: application/json; charset=utf-8
host: localhost:13313
accept: */*

Response DefaultHttpResponse(decodeResult: success, version: HTTP/1.1)
HTTP/1.1 200 OK
Content-Length: 14
Content-Type: application/json; charset=utf-8
cache-control: no-cache

[DEBUG] Adding key: http://localhost:13313 for channel [id: 0x13e74948, L:/127.0.0.1:58186 - R:localhost/127.0.0.1:13313]
[DEBUG] Using pooled Channel '[id: 0x13e74948, L:/127.0.0.1:58186 - R:localhost/127.0.0.1:13313]' for 'POST' to 'http://localhost:13313/session/688b3cbb39740f8848b7cf8ba34bdfb0/element'
[DEBUG] Using open Channel [id: 0x13e74948, L:/127.0.0.1:58186 - R:localhost/127.0.0.1:13313] for POST '/session/688b3cbb39740f8848b7cf8ba34bdfb0/element'
[DEBUG] 

Request DefaultHttpRequest(decodeResult: success, version: HTTP/1.1)
POST /session/688b3cbb39740f8848b7cf8ba34bdfb0/element HTTP/1.1
User-Agent: selenium/4.11.0 (java windows)
Content-Length: 138
Content-Type: application/json; charset=utf-8
host: localhost:13313
accept: */*

Response DefaultHttpResponse(decodeResult: success, version: HTTP/1.1)
HTTP/1.1 200 OK
Content-Length: 126
Content-Type: application/json; charset=utf-8
cache-control: no-cache

[DEBUG] Adding key: http://localhost:13313 for channel [id: 0x13e74948, L:/127.0.0.1:58186 - R:localhost/127.0.0.1:13313]
[DEBUG] Using pooled Channel '[id: 0x13e74948, L:/127.0.0.1:58186 - R:localhost/127.0.0.1:13313]' for 'POST' to 'http://localhost:13313/session/688b3cbb39740f8848b7cf8ba34bdfb0/element/f.C197E23CFD262BB27990E2ED785EE05D.d.46BA7E2A360F0806844D44A3E4F59930.e.43/click'
[DEBUG] Using open Channel [id: 0x13e74948, L:/127.0.0.1:58186 - R:localhost/127.0.0.1:13313] for POST '/session/688b3cbb39740f8848b7cf8ba34bdfb0/element/f.C197E23CFD262BB27990E2ED785EE05D.d.46BA7E2A360F0806844D44A3E4F59930.e.43/click'
[DEBUG] Entry count for : http://localhost:41638 : 1
[DEBUG] Entry count for : http://localhost:58187 : 1
[DEBUG] 

Request DefaultHttpRequest(decodeResult: success, version: HTTP/1.1)
POST /session/688b3cbb39740f8848b7cf8ba34bdfb0/element/f.C197E23CFD262BB27990E2ED785EE05D.d.46BA7E2A360F0806844D44A3E4F59930.e.43/click HTTP/1.1
User-Agent: selenium/4.11.0 (java windows)
Content-Length: 88
Content-Type: application/json; charset=utf-8
host: localhost:13313
accept: */*

Response DefaultHttpResponse(decodeResult: success, version: HTTP/1.1)
HTTP/1.1 200 OK
Content-Length: 14
Content-Type: application/json; charset=utf-8
cache-control: no-cache

[DEBUG] Adding key: http://localhost:13313 for channel [id: 0x13e74948, L:/127.0.0.1:58186 - R:localhost/127.0.0.1:13313]
[DEBUG] Using pooled Channel '[id: 0x13e74948, L:/127.0.0.1:58186 - R:localhost/127.0.0.1:13313]' for 'POST' to 'http://localhost:13313/session/688b3cbb39740f8848b7cf8ba34bdfb0/element'
[DEBUG] Using open Channel [id: 0x13e74948, L:/127.0.0.1:58186 - R:localhost/127.0.0.1:13313] for POST '/session/688b3cbb39740f8848b7cf8ba34bdfb0/element'
[DEBUG] 

Request DefaultHttpRequest(decodeResult: success, version: HTTP/1.1)
POST /session/688b3cbb39740f8848b7cf8ba34bdfb0/element HTTP/1.1
User-Agent: selenium/4.11.0 (java windows)
Content-Length: 79
Content-Type: application/json; charset=utf-8
host: localhost:13313
accept: */*

Response DefaultHttpResponse(decodeResult: success, version: HTTP/1.1)
HTTP/1.1 200 OK
Content-Length: 126
Content-Type: application/json; charset=utf-8
cache-control: no-cache

[DEBUG] Adding key: http://localhost:13313 for channel [id: 0x13e74948, L:/127.0.0.1:58186 - R:localhost/127.0.0.1:13313]
[DEBUG] Using pooled Channel '[id: 0x13e74948, L:/127.0.0.1:58186 - R:localhost/127.0.0.1:13313]' for 'POST' to 'http://localhost:13313/session/688b3cbb39740f8848b7cf8ba34bdfb0/element/f.C197E23CFD262BB27990E2ED785EE05D.d.B21080BADE75FD0D7A241664D4AF28D1.e.90/click'
[DEBUG] Using open Channel [id: 0x13e74948, L:/127.0.0.1:58186 - R:localhost/127.0.0.1:13313] for POST '/session/688b3cbb39740f8848b7cf8ba34bdfb0/element/f.C197E23CFD262BB27990E2ED785EE05D.d.B21080BADE75FD0D7A241664D4AF28D1.e.90/click'
[DEBUG] Entry count for : http://localhost:41638 : 1
[DEBUG] Entry count for : http://localhost:58187 : 1
[DEBUG] 

Request DefaultHttpRequest(decodeResult: success, version: HTTP/1.1)
POST /session/688b3cbb39740f8848b7cf8ba34bdfb0/element/f.C197E23CFD262BB27990E2ED785EE05D.d.B21080BADE75FD0D7A241664D4AF28D1.e.90/click HTTP/1.1
User-Agent: selenium/4.11.0 (java windows)
Content-Length: 88
Content-Type: application/json; charset=utf-8
host: localhost:13313
accept: */*

Response DefaultHttpResponse(decodeResult: success, version: HTTP/1.1)
HTTP/1.1 200 OK
Content-Length: 14
Content-Type: application/json; charset=utf-8
cache-control: no-cache

[DEBUG] Adding key: http://localhost:13313 for channel [id: 0x13e74948, L:/127.0.0.1:58186 - R:localhost/127.0.0.1:13313]
[DEBUG] Using pooled Channel '[id: 0x13e74948, L:/127.0.0.1:58186 - R:localhost/127.0.0.1:13313]' for 'GET' to 'http://localhost:13313/session/688b3cbb39740f8848b7cf8ba34bdfb0/url'
[DEBUG] Using open Channel [id: 0x13e74948, L:/127.0.0.1:58186 - R:localhost/127.0.0.1:13313] for GET '/session/688b3cbb39740f8848b7cf8ba34bdfb0/url'
[DEBUG] 

Request DefaultFullHttpRequest(decodeResult: success, version: HTTP/1.1, content: EmptyByteBufBE)
GET /session/688b3cbb39740f8848b7cf8ba34bdfb0/url HTTP/1.1
User-Agent: selenium/4.11.0 (java windows)
Cache-Control: no-cache
Content-Type: application/json; charset=utf-8
host: localhost:13313
accept: */*

Response DefaultHttpResponse(decodeResult: success, version: HTTP/1.1)
HTTP/1.1 200 OK
Content-Length: 68
Content-Type: application/json; charset=utf-8
cache-control: no-cache

[DEBUG] Adding key: http://localhost:13313 for channel [id: 0x13e74948, L:/127.0.0.1:58186 - R:localhost/127.0.0.1:13313]
Correct page
[DEBUG] Using pooled Channel '[id: 0x13e74948, L:/127.0.0.1:58186 - R:localhost/127.0.0.1:13313]' for 'POST' to 'http://localhost:13313/session/688b3cbb39740f8848b7cf8ba34bdfb0/element'
[DEBUG] Using open Channel [id: 0x13e74948, L:/127.0.0.1:58186 - R:localhost/127.0.0.1:13313] for POST '/session/688b3cbb39740f8848b7cf8ba34bdfb0/element'
[DEBUG] 

Request DefaultHttpRequest(decodeResult: success, version: HTTP/1.1)
POST /session/688b3cbb39740f8848b7cf8ba34bdfb0/element HTTP/1.1
User-Agent: selenium/4.11.0 (java windows)
Content-Length: 59
Content-Type: application/json; charset=utf-8
host: localhost:13313
accept: */*

Response DefaultHttpResponse(decodeResult: success, version: HTTP/1.1)
HTTP/1.1 200 OK
Content-Length: 127
Content-Type: application/json; charset=utf-8
cache-control: no-cache

[DEBUG] Adding key: http://localhost:13313 for channel [id: 0x13e74948, L:/127.0.0.1:58186 - R:localhost/127.0.0.1:13313]
[DEBUG] Using pooled Channel '[id: 0x13e74948, L:/127.0.0.1:58186 - R:localhost/127.0.0.1:13313]' for 'POST' to 'http://localhost:13313/session/688b3cbb39740f8848b7cf8ba34bdfb0/element/f.C197E23CFD262BB27990E2ED785EE05D.d.7384DEF191EFAEF7D8C70ACD77B89D7B.e.101/value'
[DEBUG] Using open Channel [id: 0x13e74948, L:/127.0.0.1:58186 - R:localhost/127.0.0.1:13313] for POST '/session/688b3cbb39740f8848b7cf8ba34bdfb0/element/f.C197E23CFD262BB27990E2ED785EE05D.d.7384DEF191EFAEF7D8C70ACD77B89D7B.e.101/value'
[DEBUG] 

Request DefaultHttpRequest(decodeResult: success, version: HTTP/1.1)
POST /session/688b3cbb39740f8848b7cf8ba34bdfb0/element/f.C197E23CFD262BB27990E2ED785EE05D.d.7384DEF191EFAEF7D8C70ACD77B89D7B.e.101/value HTTP/1.1
User-Agent: selenium/4.11.0 (java windows)
Content-Length: 290
Content-Type: application/json; charset=utf-8
host: localhost:13313
accept: */*

Response DefaultHttpResponse(decodeResult: success, version: HTTP/1.1)
HTTP/1.1 200 OK
Content-Length: 14
Content-Type: application/json; charset=utf-8
cache-control: no-cache

[DEBUG] Adding key: http://localhost:13313 for channel [id: 0x13e74948, L:/127.0.0.1:58186 - R:localhost/127.0.0.1:13313]
[DEBUG] Using pooled Channel '[id: 0x13e74948, L:/127.0.0.1:58186 - R:localhost/127.0.0.1:13313]' for 'POST' to 'http://localhost:13313/session/688b3cbb39740f8848b7cf8ba34bdfb0/element'
[DEBUG] Using open Channel [id: 0x13e74948, L:/127.0.0.1:58186 - R:localhost/127.0.0.1:13313] for POST '/session/688b3cbb39740f8848b7cf8ba34bdfb0/element'
[DEBUG] 

Request DefaultHttpRequest(decodeResult: success, version: HTTP/1.1)
POST /session/688b3cbb39740f8848b7cf8ba34bdfb0/element HTTP/1.1
User-Agent: selenium/4.11.0 (java windows)
Content-Length: 62
Content-Type: application/json; charset=utf-8
host: localhost:13313
accept: */*

Response DefaultHttpResponse(decodeResult: success, version: HTTP/1.1)
HTTP/1.1 200 OK
Content-Length: 127
Content-Type: application/json; charset=utf-8
cache-control: no-cache

[DEBUG] Adding key: http://localhost:13313 for channel [id: 0x13e74948, L:/127.0.0.1:58186 - R:localhost/127.0.0.1:13313]
[DEBUG] Using pooled Channel '[id: 0x13e74948, L:/127.0.0.1:58186 - R:localhost/127.0.0.1:13313]' for 'POST' to 'http://localhost:13313/session/688b3cbb39740f8848b7cf8ba34bdfb0/element/f.C197E23CFD262BB27990E2ED785EE05D.d.7384DEF191EFAEF7D8C70ACD77B89D7B.e.102/value'
[DEBUG] Using open Channel [id: 0x13e74948, L:/127.0.0.1:58186 - R:localhost/127.0.0.1:13313] for POST '/session/688b3cbb39740f8848b7cf8ba34bdfb0/element/f.C197E23CFD262BB27990E2ED785EE05D.d.7384DEF191EFAEF7D8C70ACD77B89D7B.e.102/value'
[DEBUG] 

Request DefaultHttpRequest(decodeResult: success, version: HTTP/1.1)
POST /session/688b3cbb39740f8848b7cf8ba34bdfb0/element/f.C197E23CFD262BB27990E2ED785EE05D.d.7384DEF191EFAEF7D8C70ACD77B89D7B.e.102/value HTTP/1.1
User-Agent: selenium/4.11.0 (java windows)
Content-Length: 160
Content-Type: application/json; charset=utf-8
host: localhost:13313
accept: */*

Response DefaultHttpResponse(decodeResult: success, version: HTTP/1.1)
HTTP/1.1 200 OK
Content-Length: 14
Content-Type: application/json; charset=utf-8
cache-control: no-cache

[DEBUG] Adding key: http://localhost:13313 for channel [id: 0x13e74948, L:/127.0.0.1:58186 - R:localhost/127.0.0.1:13313]
[DEBUG] Using pooled Channel '[id: 0x13e74948, L:/127.0.0.1:58186 - R:localhost/127.0.0.1:13313]' for 'POST' to 'http://localhost:13313/session/688b3cbb39740f8848b7cf8ba34bdfb0/element'
[DEBUG] Using open Channel [id: 0x13e74948, L:/127.0.0.1:58186 - R:localhost/127.0.0.1:13313] for POST '/session/688b3cbb39740f8848b7cf8ba34bdfb0/element'
[DEBUG] 

Request DefaultHttpRequest(decodeResult: success, version: HTTP/1.1)
POST /session/688b3cbb39740f8848b7cf8ba34bdfb0/element HTTP/1.1
User-Agent: selenium/4.11.0 (java windows)
Content-Length: 63
Content-Type: application/json; charset=utf-8
host: localhost:13313
accept: */*

Response DefaultHttpResponse(decodeResult: success, version: HTTP/1.1)
HTTP/1.1 200 OK
Content-Length: 127
Content-Type: application/json; charset=utf-8
cache-control: no-cache

[DEBUG] Adding key: http://localhost:13313 for channel [id: 0x13e74948, L:/127.0.0.1:58186 - R:localhost/127.0.0.1:13313]
[DEBUG] Using pooled Channel '[id: 0x13e74948, L:/127.0.0.1:58186 - R:localhost/127.0.0.1:13313]' for 'POST' to 'http://localhost:13313/session/688b3cbb39740f8848b7cf8ba34bdfb0/element/f.C197E23CFD262BB27990E2ED785EE05D.d.7384DEF191EFAEF7D8C70ACD77B89D7B.e.103/value'
[DEBUG] Using open Channel [id: 0x13e74948, L:/127.0.0.1:58186 - R:localhost/127.0.0.1:13313] for POST '/session/688b3cbb39740f8848b7cf8ba34bdfb0/element/f.C197E23CFD262BB27990E2ED785EE05D.d.7384DEF191EFAEF7D8C70ACD77B89D7B.e.103/value'
[DEBUG] 

Request DefaultHttpRequest(decodeResult: success, version: HTTP/1.1)
POST /session/688b3cbb39740f8848b7cf8ba34bdfb0/element/f.C197E23CFD262BB27990E2ED785EE05D.d.7384DEF191EFAEF7D8C70ACD77B89D7B.e.103/value HTTP/1.1
User-Agent: selenium/4.11.0 (java windows)
Content-Length: 180
Content-Type: application/json; charset=utf-8
host: localhost:13313
accept: */*

Response DefaultHttpResponse(decodeResult: success, version: HTTP/1.1)
HTTP/1.1 200 OK
Content-Length: 14
Content-Type: application/json; charset=utf-8
cache-control: no-cache

[DEBUG] Adding key: http://localhost:13313 for channel [id: 0x13e74948, L:/127.0.0.1:58186 - R:localhost/127.0.0.1:13313]
[DEBUG] Using pooled Channel '[id: 0x13e74948, L:/127.0.0.1:58186 - R:localhost/127.0.0.1:13313]' for 'POST' to 'http://localhost:13313/session/688b3cbb39740f8848b7cf8ba34bdfb0/element'
[DEBUG] Using open Channel [id: 0x13e74948, L:/127.0.0.1:58186 - R:localhost/127.0.0.1:13313] for POST '/session/688b3cbb39740f8848b7cf8ba34bdfb0/element'
[DEBUG] 

Request DefaultHttpRequest(decodeResult: success, version: HTTP/1.1)
POST /session/688b3cbb39740f8848b7cf8ba34bdfb0/element HTTP/1.1
User-Agent: selenium/4.11.0 (java windows)
Content-Length: 62
Content-Type: application/json; charset=utf-8
host: localhost:13313
accept: */*

Response DefaultHttpResponse(decodeResult: success, version: HTTP/1.1)
HTTP/1.1 200 OK
Content-Length: 127
Content-Type: application/json; charset=utf-8
cache-control: no-cache

[DEBUG] Adding key: http://localhost:13313 for channel [id: 0x13e74948, L:/127.0.0.1:58186 - R:localhost/127.0.0.1:13313]
[DEBUG] Using pooled Channel '[id: 0x13e74948, L:/127.0.0.1:58186 - R:localhost/127.0.0.1:13313]' for 'POST' to 'http://localhost:13313/session/688b3cbb39740f8848b7cf8ba34bdfb0/element/f.C197E23CFD262BB27990E2ED785EE05D.d.7384DEF191EFAEF7D8C70ACD77B89D7B.e.104/value'
[DEBUG] Using open Channel [id: 0x13e74948, L:/127.0.0.1:58186 - R:localhost/127.0.0.1:13313] for POST '/session/688b3cbb39740f8848b7cf8ba34bdfb0/element/f.C197E23CFD262BB27990E2ED785EE05D.d.7384DEF191EFAEF7D8C70ACD77B89D7B.e.104/value'
[DEBUG] Entry count for : http://localhost:41638 : 1
[DEBUG] Entry count for : http://localhost:58187 : 1
[DEBUG] 

Request DefaultHttpRequest(decodeResult: success, version: HTTP/1.1)
POST /session/688b3cbb39740f8848b7cf8ba34bdfb0/element/f.C197E23CFD262BB27990E2ED785EE05D.d.7384DEF191EFAEF7D8C70ACD77B89D7B.e.104/value HTTP/1.1
User-Agent: selenium/4.11.0 (java windows)
Content-Length: 220
Content-Type: application/json; charset=utf-8
host: localhost:13313
accept: */*

Response DefaultHttpResponse(decodeResult: success, version: HTTP/1.1)
HTTP/1.1 200 OK
Content-Length: 14
Content-Type: application/json; charset=utf-8
cache-control: no-cache

[DEBUG] Adding key: http://localhost:13313 for channel [id: 0x13e74948, L:/127.0.0.1:58186 - R:localhost/127.0.0.1:13313]
[DEBUG] Using pooled Channel '[id: 0x13e74948, L:/127.0.0.1:58186 - R:localhost/127.0.0.1:13313]' for 'POST' to 'http://localhost:13313/session/688b3cbb39740f8848b7cf8ba34bdfb0/element'
[DEBUG] Using open Channel [id: 0x13e74948, L:/127.0.0.1:58186 - R:localhost/127.0.0.1:13313] for POST '/session/688b3cbb39740f8848b7cf8ba34bdfb0/element'
[DEBUG] 

Request DefaultHttpRequest(decodeResult: success, version: HTTP/1.1)
POST /session/688b3cbb39740f8848b7cf8ba34bdfb0/element HTTP/1.1
User-Agent: selenium/4.11.0 (java windows)
Content-Length: 65
Content-Type: application/json; charset=utf-8
host: localhost:13313
accept: */*

Response DefaultHttpResponse(decodeResult: success, version: HTTP/1.1)
HTTP/1.1 200 OK
Content-Length: 127
Content-Type: application/json; charset=utf-8
cache-control: no-cache

[DEBUG] Adding key: http://localhost:13313 for channel [id: 0x13e74948, L:/127.0.0.1:58186 - R:localhost/127.0.0.1:13313]
[DEBUG] Using pooled Channel '[id: 0x13e74948, L:/127.0.0.1:58186 - R:localhost/127.0.0.1:13313]' for 'POST' to 'http://localhost:13313/session/688b3cbb39740f8848b7cf8ba34bdfb0/element/f.C197E23CFD262BB27990E2ED785EE05D.d.7384DEF191EFAEF7D8C70ACD77B89D7B.e.107/value'
[DEBUG] Using open Channel [id: 0x13e74948, L:/127.0.0.1:58186 - R:localhost/127.0.0.1:13313] for POST '/session/688b3cbb39740f8848b7cf8ba34bdfb0/element/f.C197E23CFD262BB27990E2ED785EE05D.d.7384DEF191EFAEF7D8C70ACD77B89D7B.e.107/value'
[DEBUG] 

Request DefaultHttpRequest(decodeResult: success, version: HTTP/1.1)
POST /session/688b3cbb39740f8848b7cf8ba34bdfb0/element/f.C197E23CFD262BB27990E2ED785EE05D.d.7384DEF191EFAEF7D8C70ACD77B89D7B.e.107/value HTTP/1.1
User-Agent: selenium/4.11.0 (java windows)
Content-Length: 240
Content-Type: application/json; charset=utf-8
host: localhost:13313
accept: */*

Response DefaultHttpResponse(decodeResult: success, version: HTTP/1.1)
HTTP/1.1 200 OK
Content-Length: 14
Content-Type: application/json; charset=utf-8
cache-control: no-cache

[DEBUG] Adding key: http://localhost:13313 for channel [id: 0x13e74948, L:/127.0.0.1:58186 - R:localhost/127.0.0.1:13313]
[DEBUG] Using pooled Channel '[id: 0x13e74948, L:/127.0.0.1:58186 - R:localhost/127.0.0.1:13313]' for 'POST' to 'http://localhost:13313/session/688b3cbb39740f8848b7cf8ba34bdfb0/element'
[DEBUG] Using open Channel [id: 0x13e74948, L:/127.0.0.1:58186 - R:localhost/127.0.0.1:13313] for POST '/session/688b3cbb39740f8848b7cf8ba34bdfb0/element'
[DEBUG] 

Request DefaultHttpRequest(decodeResult: success, version: HTTP/1.1)
POST /session/688b3cbb39740f8848b7cf8ba34bdfb0/element HTTP/1.1
User-Agent: selenium/4.11.0 (java windows)
Content-Length: 71
Content-Type: application/json; charset=utf-8
host: localhost:13313
accept: */*

Response DefaultHttpResponse(decodeResult: success, version: HTTP/1.1)
HTTP/1.1 200 OK
Content-Length: 127
Content-Type: application/json; charset=utf-8
cache-control: no-cache

[DEBUG] Adding key: http://localhost:13313 for channel [id: 0x13e74948, L:/127.0.0.1:58186 - R:localhost/127.0.0.1:13313]
[DEBUG] Using pooled Channel '[id: 0x13e74948, L:/127.0.0.1:58186 - R:localhost/127.0.0.1:13313]' for 'POST' to 'http://localhost:13313/session/688b3cbb39740f8848b7cf8ba34bdfb0/element/f.C197E23CFD262BB27990E2ED785EE05D.d.7384DEF191EFAEF7D8C70ACD77B89D7B.e.105/click'
[DEBUG] Using open Channel [id: 0x13e74948, L:/127.0.0.1:58186 - R:localhost/127.0.0.1:13313] for POST '/session/688b3cbb39740f8848b7cf8ba34bdfb0/element/f.C197E23CFD262BB27990E2ED785EE05D.d.7384DEF191EFAEF7D8C70ACD77B89D7B.e.105/click'
[DEBUG] 

Request DefaultHttpRequest(decodeResult: success, version: HTTP/1.1)
POST /session/688b3cbb39740f8848b7cf8ba34bdfb0/element/f.C197E23CFD262BB27990E2ED785EE05D.d.7384DEF191EFAEF7D8C70ACD77B89D7B.e.105/click HTTP/1.1
User-Agent: selenium/4.11.0 (java windows)
Content-Length: 89
Content-Type: application/json; charset=utf-8
host: localhost:13313
accept: */*

Response DefaultHttpResponse(decodeResult: success, version: HTTP/1.1)
HTTP/1.1 200 OK
Content-Length: 14
Content-Type: application/json; charset=utf-8
cache-control: no-cache

[DEBUG] Adding key: http://localhost:13313 for channel [id: 0x13e74948, L:/127.0.0.1:58186 - R:localhost/127.0.0.1:13313]
[DEBUG] Using pooled Channel '[id: 0x13e74948, L:/127.0.0.1:58186 - R:localhost/127.0.0.1:13313]' for 'POST' to 'http://localhost:13313/session/688b3cbb39740f8848b7cf8ba34bdfb0/element'
[DEBUG] Using open Channel [id: 0x13e74948, L:/127.0.0.1:58186 - R:localhost/127.0.0.1:13313] for POST '/session/688b3cbb39740f8848b7cf8ba34bdfb0/element'
[DEBUG] 

Request DefaultHttpRequest(decodeResult: success, version: HTTP/1.1)
POST /session/688b3cbb39740f8848b7cf8ba34bdfb0/element HTTP/1.1
User-Agent: selenium/4.11.0 (java windows)
Content-Length: 127
Content-Type: application/json; charset=utf-8
host: localhost:13313
accept: */*

Response DefaultHttpResponse(decodeResult: success, version: HTTP/1.1)
HTTP/1.1 200 OK
Content-Length: 127
Content-Type: application/json; charset=utf-8
cache-control: no-cache

[DEBUG] Adding key: http://localhost:13313 for channel [id: 0x13e74948, L:/127.0.0.1:58186 - R:localhost/127.0.0.1:13313]
[DEBUG] Using pooled Channel '[id: 0x13e74948, L:/127.0.0.1:58186 - R:localhost/127.0.0.1:13313]' for 'POST' to 'http://localhost:13313/session/688b3cbb39740f8848b7cf8ba34bdfb0/element/f.C197E23CFD262BB27990E2ED785EE05D.d.7384DEF191EFAEF7D8C70ACD77B89D7B.e.120/click'
[DEBUG] Using open Channel [id: 0x13e74948, L:/127.0.0.1:58186 - R:localhost/127.0.0.1:13313] for POST '/session/688b3cbb39740f8848b7cf8ba34bdfb0/element/f.C197E23CFD262BB27990E2ED785EE05D.d.7384DEF191EFAEF7D8C70ACD77B89D7B.e.120/click'
[DEBUG] Entry count for : http://localhost:41638 : 1
[DEBUG] Entry count for : http://localhost:58187 : 1
[DEBUG] Entry count for : http://localhost:41638 : 1
[DEBUG] Entry count for : http://localhost:58187 : 1
[DEBUG] 

Request DefaultHttpRequest(decodeResult: success, version: HTTP/1.1)
POST /session/688b3cbb39740f8848b7cf8ba34bdfb0/element/f.C197E23CFD262BB27990E2ED785EE05D.d.7384DEF191EFAEF7D8C70ACD77B89D7B.e.120/click HTTP/1.1
User-Agent: selenium/4.11.0 (java windows)
Content-Length: 89
Content-Type: application/json; charset=utf-8
host: localhost:13313
accept: */*

Response DefaultHttpResponse(decodeResult: success, version: HTTP/1.1)
HTTP/1.1 200 OK
Content-Length: 14
Content-Type: application/json; charset=utf-8
cache-control: no-cache

[DEBUG] Adding key: http://localhost:13313 for channel [id: 0x13e74948, L:/127.0.0.1:58186 - R:localhost/127.0.0.1:13313]
[DEBUG] Using pooled Channel '[id: 0x13e74948, L:/127.0.0.1:58186 - R:localhost/127.0.0.1:13313]' for 'DELETE' to 'http://localhost:13313/session/688b3cbb39740f8848b7cf8ba34bdfb0/window'
[DEBUG] Using open Channel [id: 0x13e74948, L:/127.0.0.1:58186 - R:localhost/127.0.0.1:13313] for DELETE '/session/688b3cbb39740f8848b7cf8ba34bdfb0/window'
[DEBUG] Channel Closed: [id: 0xefcb4d7c, L:/127.0.0.1:58195 ! R:localhost/127.0.0.1:58187] with attribute NettyResponseFuture{currentRetry=0,
	isDone=1,
	isCancelled=0,
	asyncHandler=org.asynchttpclient.ws.WebSocketUpgradeHandler@3eff0273,
	nettyRequest=org.asynchttpclient.netty.request.NettyRequest@7bfd8bc8,
	future=java.util.concurrent.CompletableFuture@743dbac5[Completed normally],
	uri=ws://localhost:58187/devtools/browser/741a6054-9af7-4f43-98ca-9b115dc34ed6,
	keepAlive=true,
	redirectCount=0,
	timeoutsHolder=null,
	inAuth=0,
	touch=1710952962427}
[DEBUG] Closing Channel [id: 0xefcb4d7c, L:/127.0.0.1:58195 ! R:localhost/127.0.0.1:58187] 
[DEBUG] Channel Closed: [id: 0x01c5b261, L:/127.0.0.1:58194 ! R:localhost/127.0.0.1:58187] with attribute DISCARD
[DEBUG] 

Request DefaultFullHttpRequest(decodeResult: success, version: HTTP/1.1, content: EmptyByteBufBE)
DELETE /session/688b3cbb39740f8848b7cf8ba34bdfb0/window HTTP/1.1
User-Agent: selenium/4.11.0 (java windows)
Content-Type: application/json; charset=utf-8
host: localhost:13313
accept: */*

Response DefaultHttpResponse(decodeResult: success, version: HTTP/1.1)
HTTP/1.1 200 OK
Content-Length: 12
Content-Type: application/json; charset=utf-8
cache-control: no-cache

[DEBUG] Adding key: http://localhost:13313 for channel [id: 0x13e74948, L:/127.0.0.1:58186 - R:localhost/127.0.0.1:13313]
]]></system-out>
    <system-err><![CDATA[Mar 20, 2024 10:12:42 PM org.openqa.selenium.devtools.CdpVersionFinder findNearestMatch
WARNING: Unable to find CDP implementation matching 122
Mar 20, 2024 10:12:42 PM org.openqa.selenium.chromium.ChromiumDriver lambda$new$5
WARNING: Unable to find version of CDP to use for 122.0.6261.131. You may need to include a dependency on a specific version of the CDP using something similar to `org.seleniumhq.selenium:selenium-devtools-v86:4.11.0` where the version ("v86") matches the version of the chromium-based browser you're using and the version number of the artifact is the same as Selenium's.
]]></system-err>
  </testcase>
</testsuite>